<?xml version="1.0" encoding="UTF-8" standalone="yes"?><!DOCTYPE report PUBLIC "-//JACOCO//DTD Report 1.1//EN" "report.dtd"><report name="untitled"><sessioninfo id="Graph-zero-63fdabbd" start="1713880436528" dump="1713880436851"/><sessioninfo id="Graph-zero-1210652c" start="1713880459274" dump="1713880459581"/><sessioninfo id="Graph-zero-25625d05" start="1713880541738" dump="1713880542045"/><sessioninfo id="Graph-zero-44d5a3c3" start="1713881983744" dump="1713881984141"/><sessioninfo id="Graph-zero-bcdf7caa" start="1713882274360" dump="1713882274779"/><sessioninfo id="Graph-zero-8108b8e8" start="1713882296358" dump="1713882296759"/><sessioninfo id="Graph-zero-adeb16b3" start="1713883468460" dump="1713883468879"/><sessioninfo id="Graph-zero-94b28c2e" start="1713885655589" dump="1713885657317"/><sessioninfo id="Graph-zero-37bb9554" start="1713886024361" dump="1713886026068"/><sessioninfo id="Graph-zero-777a5ecf" start="1713886116889" dump="1713886118532"/><sessioninfo id="Graph-zero-66a54df5" start="1713886127708" dump="1713886129395"/><sessioninfo id="Graph-zero-21969d32" start="1713888282912" dump="1713888284506"/><sessioninfo id="Graph-zero-cbf4ca95" start="1713888292120" dump="1713888293677"/><sessioninfo id="Graph-zero-a3812df1" start="1713888320785" dump="1713888322449"/><sessioninfo id="Graph-zero-8041a9cd" start="1713888745386" dump="1713888747043"/><sessioninfo id="Graph-zero-7de0364" start="1713890229494" dump="1713890231196"/><sessioninfo id="Graph-zero-362010f6" start="1713890620057" dump="1713890621771"/><sessioninfo id="Graph-zero-88d21f66" start="1713890820392" dump="1713890822061"/><sessioninfo id="Graph-zero-bc515997" start="1713891010004" dump="1713891011683"/><sessioninfo id="Graph-zero-12257842" start="1713891020044" dump="1713891021717"/><sessioninfo id="Graph-zero-4e010358" start="1713892665722" dump="1713892667382"/><sessioninfo id="Graph-zero-98d36c94" start="1713893320936" dump="1713893322592"/><sessioninfo id="Graph-zero-cc599be6" start="1713893490781" dump="1713893492416"/><sessioninfo id="Graph-zero-83ea7c93" start="1713893516920" dump="1713893518563"/><sessioninfo id="Graph-zero-11c63314" start="1713894636022" dump="1713894637729"/><sessioninfo id="Graph-zero-a4211707" start="1713894933610" dump="1713894935289"/><sessioninfo id="Graph-zero-66729bd4" start="1713895045627" dump="1713895047293"/><sessioninfo id="Graph-zero-bfacea3" start="1713895230240" dump="1713895231898"/><sessioninfo id="Graph-zero-802f0fba" start="1713895245080" dump="1713895246732"/><sessioninfo id="Graph-zero-2c9b274f" start="1713895574996" dump="1713895576662"/><sessioninfo id="Graph-zero-95160fe0" start="1713895661614" dump="1713895663298"/><sessioninfo id="Graph-zero-88c3ba7f" start="1713895689474" dump="1713895691173"/><sessioninfo id="Graph-zero-438b7d0f" start="1713895799991" dump="1713895801696"/><sessioninfo id="Graph-zero-e67afe36" start="1713896788270" dump="1713896789966"/><sessioninfo id="Graph-zero-a6339d6d" start="1713896796155" dump="1713896797861"/><sessioninfo id="Graph-zero-4cc055e0" start="1713896863290" dump="1713896864952"/><sessioninfo id="Graph-zero-b2c527ea" start="1713899349850" dump="1713899351523"/><sessioninfo id="Graph-zero-bc97a480" start="1713900066321" dump="1713900067972"/><sessioninfo id="Graph-zero-46c02f5b" start="1713900255296" dump="1713900256971"/><sessioninfo id="Graph-zero-2103789f" start="1713900265187" dump="1713900266849"/><sessioninfo id="Graph-zero-1c1e5709" start="1713900670120" dump="1713900671778"/><sessioninfo id="Graph-zero-7f7ea745" start="1713900765968" dump="1713900767726"/><sessioninfo id="Graph-zero-cf230ad6" start="1713900927695" dump="1713900929407"/><sessioninfo id="Graph-zero-79379b89" start="1713900947925" dump="1713900949604"/><sessioninfo id="Graph-zero-cdaa49b0" start="1713900955743" dump="1713900957422"/><sessioninfo id="Graph-zero-493661bd" start="1713901250255" dump="1713901251928"/><sessioninfo id="Graph-zero-c3f7e2b5" start="1713901258486" dump="1713901260169"/><sessioninfo id="Graph-zero-1f13dea8" start="1713902272383" dump="1713902274036"/><package name="com/example"><class name="com/example/Feline" sourcefilename="Feline.java"><method name="&lt;init&gt;" desc="()V" line="5"><counter type="INSTRUCTION" missed="0" covered="3"/><counter type="LINE" missed="0" covered="1"/><counter type="COMPLEXITY" missed="0" covered="1"/><counter type="METHOD" missed="0" covered="1"/></method><method name="eatMeat" desc="()Ljava/util/List;" line="9"><counter type="INSTRUCTION" missed="0" covered="4"/><counter type="LINE" missed="0" covered="1"/><counter type="COMPLEXITY" missed="0" covered="1"/><counter type="METHOD" missed="0" covered="1"/></method><method name="getFamily" desc="()Ljava/lang/String;" line="14"><counter type="INSTRUCTION" missed="0" covered="2"/><counter type="LINE" missed="0" covered="1"/><counter type="COMPLEXITY" missed="0" covered="1"/><counter type="METHOD" missed="0" covered="1"/></method><method name="getKittens" desc="()I" line="18"><counter type="INSTRUCTION" missed="0" covered="4"/><counter type="LINE" missed="0" covered="1"/><counter type="COMPLEXITY" missed="0" covered="1"/><counter type="METHOD" missed="0" covered="1"/></method><method name="getKittens" desc="(I)I" line="22"><counter type="INSTRUCTION" missed="0" covered="2"/><counter type="LINE" missed="0" covered="1"/><counter type="COMPLEXITY" missed="0" covered="1"/><counter type="METHOD" missed="0" covered="1"/></method><counter type="INSTRUCTION" missed="0" covered="15"/><counter type="LINE" missed="0" covered="5"/><counter type="COMPLEXITY" missed="0" covered="5"/><counter type="METHOD" missed="0" covered="5"/><counter type="CLASS" missed="0" covered="1"/></class><class name="com/example/Animal" sourcefilename="Animal.java"><method name="&lt;init&gt;" desc="()V" line="5"><counter type="INSTRUCTION" missed="0" covered="3"/><counter type="LINE" missed="0" covered="1"/><counter type="COMPLEXITY" missed="0" covered="1"/><counter type="METHOD" missed="0" covered="1"/></method><method name="getFood" desc="(Ljava/lang/String;)Ljava/util/List;" line="8"><counter type="INSTRUCTION" missed="9" covered="13"/><counter type="BRANCH" missed="2" covered="2"/><counter type="LINE" missed="2" covered="3"/><counter type="COMPLEXITY" missed="2" covered="1"/><counter type="METHOD" missed="0" covered="1"/></method><method name="getFamily" desc="()Ljava/lang/String;" line="18"><counter type="INSTRUCTION" missed="2" covered="0"/><counter type="LINE" missed="1" covered="0"/><counter type="COMPLEXITY" missed="1" covered="0"/><counter type="METHOD" missed="1" covered="0"/></method><counter type="INSTRUCTION" missed="11" covered="16"/><counter type="BRANCH" missed="2" covered="2"/><counter type="LINE" missed="3" covered="4"/><counter type="COMPLEXITY" missed="3" covered="2"/><counter type="METHOD" missed="1" covered="2"/><counter type="CLASS" missed="0" covered="1"/></class><class name="com/example/Lion" sourcefilename="Lion.java"><method name="&lt;init&gt;" desc="(Ljava/lang/String;Lcom/example/Feline;)V" line="10"><counter type="INSTRUCTION" missed="0" covered="27"/><counter type="BRANCH" missed="0" covered="4"/><counter type="LINE" missed="0" covered="8"/><counter type="COMPLEXITY" missed="0" covered="3"/><counter type="METHOD" missed="0" covered="1"/></method><method name="getKittens" desc="()I" line="23"><counter type="INSTRUCTION" missed="0" covered="4"/><counter type="LINE" missed="0" covered="1"/><counter type="COMPLEXITY" missed="0" covered="1"/><counter type="METHOD" missed="0" covered="1"/></method><method name="doesHaveMane" desc="()Z" line="27"><counter type="INSTRUCTION" missed="0" covered="3"/><counter type="LINE" missed="0" covered="1"/><counter type="COMPLEXITY" missed="0" covered="1"/><counter type="METHOD" missed="0" covered="1"/></method><method name="getFood" desc="()Ljava/util/List;" line="31"><counter type="INSTRUCTION" missed="0" covered="5"/><counter type="LINE" missed="0" covered="1"/><counter type="COMPLEXITY" missed="0" covered="1"/><counter type="METHOD" missed="0" covered="1"/></method><counter type="INSTRUCTION" missed="0" covered="39"/><counter type="BRANCH" missed="0" covered="4"/><counter type="LINE" missed="0" covered="11"/><counter type="COMPLEXITY" missed="0" covered="6"/><counter type="METHOD" missed="0" covered="4"/><counter type="CLASS" missed="0" covered="1"/></class><class name="com/example/Predator" sourcefilename="Predator.java"/><class name="com/example/Cat" sourcefilename="Cat.java"><method name="&lt;init&gt;" desc="(Lcom/example/Feline;)V" line="9"><counter type="INSTRUCTION" missed="0" covered="6"/><counter type="LINE" missed="0" covered="3"/><counter type="COMPLEXITY" missed="0" covered="1"/><counter type="METHOD" missed="0" covered="1"/></method><method name="getSound" desc="()Ljava/lang/String;" line="14"><counter type="INSTRUCTION" missed="0" covered="2"/><counter type="LINE" missed="0" covered="1"/><counter type="COMPLEXITY" missed="0" covered="1"/><counter type="METHOD" missed="0" covered="1"/></method><method name="getFood" desc="()Ljava/util/List;" line="18"><counter type="INSTRUCTION" missed="0" covered="4"/><counter type="LINE" missed="0" covered="1"/><counter type="COMPLEXITY" missed="0" covered="1"/><counter type="METHOD" missed="0" covered="1"/></method><counter type="INSTRUCTION" missed="0" covered="12"/><counter type="LINE" missed="0" covered="5"/><counter type="COMPLEXITY" missed="0" covered="3"/><counter type="METHOD" missed="0" covered="3"/><counter type="CLASS" missed="0" covered="1"/></class><sourcefile name="Lion.java"><line nr="10" mi="0" ci="2" mb="0" cb="0"/><line nr="11" mi="0" ci="3" mb="0" cb="0"/><line nr="13" mi="0" ci="4" mb="0" cb="2"/><line nr="14" mi="0" ci="4" mb="0" cb="0"/><line nr="15" mi="0" ci="4" mb="0" cb="2"/><line nr="16" mi="0" ci="4" mb="0" cb="0"/><line nr="18" mi="0" ci="5" mb="0" cb="0"/><line nr="20" mi="0" ci="1" mb="0" cb="0"/><line nr="23" mi="0" ci="4" mb="0" cb="0"/><line nr="27" mi="0" ci="3" mb="0" cb="0"/><line nr="31" mi="0" ci="5" mb="0" cb="0"/><counter type="INSTRUCTION" missed="0" covered="39"/><counter type="BRANCH" missed="0" covered="4"/><counter type="LINE" missed="0" covered="11"/><counter type="COMPLEXITY" missed="0" covered="6"/><counter type="METHOD" missed="0" covered="4"/><counter type="CLASS" missed="0" covered="1"/></sourcefile><sourcefile name="Predator.java"/><sourcefile name="Animal.java"><line nr="5" mi="0" ci="3" mb="0" cb="0"/><line nr="8" mi="0" ci="4" mb="1" cb="1"/><line nr="9" mi="4" ci="0" mb="0" cb="0"/><line nr="10" mi="0" ci="4" mb="1" cb="1"/><line nr="11" mi="0" ci="5" mb="0" cb="0"/><line nr="13" mi="5" ci="0" mb="0" cb="0"/><line nr="18" mi="2" ci="0" mb="0" cb="0"/><counter type="INSTRUCTION" missed="11" covered="16"/><counter type="BRANCH" missed="2" covered="2"/><counter type="LINE" missed="3" covered="4"/><counter type="COMPLEXITY" missed="3" covered="2"/><counter type="METHOD" missed="1" covered="2"/><counter type="CLASS" missed="0" covered="1"/></sourcefile><sourcefile name="Feline.java"><line nr="5" mi="0" ci="3" mb="0" cb="0"/><line nr="9" mi="0" ci="4" mb="0" cb="0"/><line nr="14" mi="0" ci="2" mb="0" cb="0"/><line nr="18" mi="0" ci="4" mb="0" cb="0"/><line nr="22" mi="0" ci="2" mb="0" cb="0"/><counter type="INSTRUCTION" missed="0" covered="15"/><counter type="LINE" missed="0" covered="5"/><counter type="COMPLEXITY" missed="0" covered="5"/><counter type="METHOD" missed="0" covered="5"/><counter type="CLASS" missed="0" covered="1"/></sourcefile><sourcefile name="Cat.java"><line nr="9" mi="0" ci="2" mb="0" cb="0"/><line nr="10" mi="0" ci="3" mb="0" cb="0"/><line nr="11" mi="0" ci="1" mb="0" cb="0"/><line nr="14" mi="0" ci="2" mb="0" cb="0"/><line nr="18" mi="0" ci="4" mb="0" cb="0"/><counter type="INSTRUCTION" missed="0" covered="12"/><counter type="LINE" missed="0" covered="5"/><counter type="COMPLEXITY" missed="0" covered="3"/><counter type="METHOD" missed="0" covered="3"/><counter type="CLASS" missed="0" covered="1"/></sourcefile><counter type="INSTRUCTION" missed="11" covered="82"/><counter type="BRANCH" missed="2" covered="6"/><counter type="LINE" missed="3" covered="25"/><counter type="COMPLEXITY" missed="3" covered="16"/><counter type="METHOD" missed="1" covered="14"/><counter type="CLASS" missed="0" covered="4"/></package><counter type="INSTRUCTION" missed="11" covered="82"/><counter type="BRANCH" missed="2" covered="6"/><counter type="LINE" missed="3" covered="25"/><counter type="COMPLEXITY" missed="3" covered="16"/><counter type="METHOD" missed="1" covered="14"/><counter type="CLASS" missed="0" covered="4"/></report>